[0m14:06:48.885516 [debug] [MainThread]: Sending event: {'category': 'dbt', 'action': 'invocation', 'label': 'start', 'context': [<snowplow_tracker.self_describing_json.SelfDescribingJson object at 0x000001C19933C980>, <snowplow_tracker.self_describing_json.SelfDescribingJson object at 0x000001C19A447D90>, <snowplow_tracker.self_describing_json.SelfDescribingJson object at 0x000001C19A447890>]}


============================== 14:06:48.892019 | c265d1f0-5aec-4890-bd24-09911f03c450 ==============================
[0m14:06:48.892019 [info ] [MainThread]: Running with dbt=1.10.11
[0m14:06:48.897547 [debug] [MainThread]: running dbt with arguments {'partial_parse': 'True', 'static_parser': 'True', 'send_anonymous_usage_stats': 'True', 'version_check': 'True', 'cache_selected_only': 'False', 'target_path': 'None', 'use_colors': 'True', 'invocation_command': 'dbt deps', 'log_format': 'default', 'warn_error': 'None', 'introspect': 'True', 'debug': 'False', 'log_cache_events': 'False', 'fail_fast': 'False', 'no_print': 'None', 'use_experimental_parser': 'False', 'empty': 'None', 'printer_width': '80', 'quiet': 'False', 'log_path': 'logs', 'indirect_selection': 'eager', 'profiles_dir': 'C:\\Users\\ca20864\\.dbt', 'warn_error_options': 'WarnErrorOptionsV2(error=[], warn=[], silence=[])', 'write_json': 'True'}
[0m14:06:48.898392 [error] [MainThread]: Encountered an error:
Runtime Error
  No dbt_project.yml found at expected path C:\Users\ca20864\OneDrive - TN Dept of Education\CA20864\Dev\VSCode\stadium_tennessee\dbt_project.yml
  Verify that each entry within packages.yml (and their transitive dependencies) contains a file named dbt_project.yml
  
[0m14:06:48.900863 [debug] [MainThread]: Command `dbt deps` failed at 14:06:48.900715 after 0.47 seconds
[0m14:06:48.901391 [debug] [MainThread]: Sending event: {'category': 'dbt', 'action': 'invocation', 'label': 'end', 'context': [<snowplow_tracker.self_describing_json.SelfDescribingJson object at 0x000001C19A4B82B0>, <snowplow_tracker.self_describing_json.SelfDescribingJson object at 0x000001C19A327530>, <snowplow_tracker.self_describing_json.SelfDescribingJson object at 0x000001C19A2D5480>]}
[0m14:06:48.901787 [debug] [MainThread]: Flushing usage events
[0m14:06:49.551081 [debug] [MainThread]: An error was encountered while trying to flush usage events
[0m12:34:56.239183 [debug] [MainThread]: Sending event: {'category': 'dbt', 'action': 'invocation', 'label': 'start', 'context': [<snowplow_tracker.self_describing_json.SelfDescribingJson object at 0x000001AA42EAC980>, <snowplow_tracker.self_describing_json.SelfDescribingJson object at 0x000001AA43FABD90>, <snowplow_tracker.self_describing_json.SelfDescribingJson object at 0x000001AA43FAB890>]}


============================== 12:34:56.246667 | 620c5b4e-2205-4218-9b81-fe0f76b6a83d ==============================
[0m12:34:56.246667 [info ] [MainThread]: Running with dbt=1.10.11
[0m12:34:56.247554 [debug] [MainThread]: running dbt with arguments {'partial_parse': 'True', 'static_parser': 'True', 'send_anonymous_usage_stats': 'True', 'version_check': 'True', 'cache_selected_only': 'False', 'target_path': 'None', 'use_colors': 'True', 'invocation_command': 'dbt deps', 'log_format': 'default', 'warn_error': 'None', 'introspect': 'True', 'debug': 'False', 'log_cache_events': 'False', 'fail_fast': 'False', 'no_print': 'None', 'empty': 'None', 'quiet': 'False', 'use_experimental_parser': 'False', 'printer_width': '80', 'log_path': 'logs', 'indirect_selection': 'eager', 'profiles_dir': 'C:\\Users\\ca20864\\.dbt', 'warn_error_options': 'WarnErrorOptionsV2(error=[], warn=[], silence=[])', 'write_json': 'True'}
[0m12:34:56.248271 [error] [MainThread]: Encountered an error:
Runtime Error
  No dbt_project.yml found at expected path C:\Users\ca20864\OneDrive - TN Dept of Education\CA20864\Dev\VSCode\stadium_tennessee\dbt_project.yml
  Verify that each entry within packages.yml (and their transitive dependencies) contains a file named dbt_project.yml
  
[0m12:34:56.249226 [debug] [MainThread]: Command `dbt deps` failed at 12:34:56.249078 after 0.46 seconds
[0m12:34:56.249711 [debug] [MainThread]: Sending event: {'category': 'dbt', 'action': 'invocation', 'label': 'end', 'context': [<snowplow_tracker.self_describing_json.SelfDescribingJson object at 0x000001AA440282B0>, <snowplow_tracker.self_describing_json.SelfDescribingJson object at 0x000001AA43E97530>, <snowplow_tracker.self_describing_json.SelfDescribingJson object at 0x000001AA43E45480>]}
[0m12:34:56.250141 [debug] [MainThread]: Flushing usage events
[0m12:34:56.842778 [debug] [MainThread]: An error was encountered while trying to flush usage events
[0m12:34:59.257742 [debug] [MainThread]: Sending event: {'category': 'dbt', 'action': 'invocation', 'label': 'start', 'context': [<snowplow_tracker.self_describing_json.SelfDescribingJson object at 0x000001D60F31C980>, <snowplow_tracker.self_describing_json.SelfDescribingJson object at 0x000001D61041FD90>, <snowplow_tracker.self_describing_json.SelfDescribingJson object at 0x000001D61041F890>]}


============================== 12:34:59.261238 | f19b8f0b-3674-4de2-b103-25afe6da2e42 ==============================
[0m12:34:59.261238 [info ] [MainThread]: Running with dbt=1.10.11
[0m12:34:59.261735 [debug] [MainThread]: running dbt with arguments {'partial_parse': 'True', 'warn_error_options': 'WarnErrorOptionsV2(error=[], warn=[], silence=[])', 'send_anonymous_usage_stats': 'True', 'use_colors': 'True', 'cache_selected_only': 'False', 'target_path': 'None', 'version_check': 'True', 'invocation_command': 'dbt seed --vars raw_db: teds_prod --target dev_thanujab', 'log_format': 'default', 'warn_error': 'None', 'introspect': 'True', 'debug': 'False', 'printer_width': '80', 'fail_fast': 'False', 'no_print': 'None', 'empty': 'None', 'quiet': 'False', 'log_cache_events': 'False', 'use_experimental_parser': 'False', 'indirect_selection': 'eager', 'log_path': 'logs', 'write_json': 'True', 'static_parser': 'True', 'profiles_dir': 'C:\\Users\\ca20864\\.dbt'}
[0m12:34:59.262086 [error] [MainThread]: Encountered an error:
Runtime Error
  No dbt_project.yml found at expected path C:\Users\ca20864\OneDrive - TN Dept of Education\CA20864\Dev\VSCode\stadium_tennessee\dbt_project.yml
  Verify that each entry within packages.yml (and their transitive dependencies) contains a file named dbt_project.yml
  
[0m12:34:59.262689 [debug] [MainThread]: Command `dbt seed` failed at 12:34:59.262600 after 0.42 seconds
[0m12:34:59.262945 [debug] [MainThread]: Sending event: {'category': 'dbt', 'action': 'invocation', 'label': 'end', 'context': [<snowplow_tracker.self_describing_json.SelfDescribingJson object at 0x000001D6104982B0>, <snowplow_tracker.self_describing_json.SelfDescribingJson object at 0x000001D610307530>, <snowplow_tracker.self_describing_json.SelfDescribingJson object at 0x000001D6102B5370>]}
[0m12:34:59.263214 [debug] [MainThread]: Flushing usage events
[0m12:34:59.728719 [debug] [MainThread]: An error was encountered while trying to flush usage events
[0m12:35:01.894662 [debug] [MainThread]: Sending event: {'category': 'dbt', 'action': 'invocation', 'label': 'start', 'context': [<snowplow_tracker.self_describing_json.SelfDescribingJson object at 0x0000017C47E9C980>, <snowplow_tracker.self_describing_json.SelfDescribingJson object at 0x0000017C48F9FD90>, <snowplow_tracker.self_describing_json.SelfDescribingJson object at 0x0000017C48F9F890>]}


============================== 12:35:01.898387 | 68e42d1d-731a-4517-aa34-3cba94f12a72 ==============================
[0m12:35:01.898387 [info ] [MainThread]: Running with dbt=1.10.11
[0m12:35:01.899235 [debug] [MainThread]: running dbt with arguments {'partial_parse': 'True', 'write_json': 'True', 'send_anonymous_usage_stats': 'True', 'use_colors': 'True', 'cache_selected_only': 'False', 'target_path': 'None', 'version_check': 'True', 'invocation_command': 'dbt run --vars raw_db: teds_prod --target dev_thanujab', 'log_format': 'default', 'warn_error': 'None', 'introspect': 'True', 'debug': 'False', 'printer_width': '80', 'fail_fast': 'False', 'no_print': 'None', 'empty': 'False', 'quiet': 'False', 'use_experimental_parser': 'False', 'log_cache_events': 'False', 'log_path': 'logs', 'indirect_selection': 'eager', 'profiles_dir': 'C:\\Users\\ca20864\\.dbt', 'static_parser': 'True', 'warn_error_options': 'WarnErrorOptionsV2(error=[], warn=[], silence=[])'}
[0m12:35:01.899662 [error] [MainThread]: Encountered an error:
Runtime Error
  No dbt_project.yml found at expected path C:\Users\ca20864\OneDrive - TN Dept of Education\CA20864\Dev\VSCode\stadium_tennessee\dbt_project.yml
  Verify that each entry within packages.yml (and their transitive dependencies) contains a file named dbt_project.yml
  
[0m12:35:01.900435 [debug] [MainThread]: Command `dbt run` failed at 12:35:01.900337 after 0.15 seconds
[0m12:35:01.900717 [debug] [MainThread]: Sending event: {'category': 'dbt', 'action': 'invocation', 'label': 'end', 'context': [<snowplow_tracker.self_describing_json.SelfDescribingJson object at 0x0000017C490182B0>, <snowplow_tracker.self_describing_json.SelfDescribingJson object at 0x0000017C48E87530>, <snowplow_tracker.self_describing_json.SelfDescribingJson object at 0x0000017C48E35370>]}
[0m12:35:01.900981 [debug] [MainThread]: Flushing usage events
[0m12:35:02.411949 [debug] [MainThread]: An error was encountered while trying to flush usage events
[0m13:54:48.770079 [debug] [MainThread]: Sending event: {'category': 'dbt', 'action': 'invocation', 'label': 'start', 'context': [<snowplow_tracker.self_describing_json.SelfDescribingJson object at 0x0000026A4968C980>, <snowplow_tracker.self_describing_json.SelfDescribingJson object at 0x0000026A4A78BD90>, <snowplow_tracker.self_describing_json.SelfDescribingJson object at 0x0000026A4A78B890>]}


============================== 13:54:48.774834 | 85e6ca5c-94e2-42c6-8cdd-d150d4a403e0 ==============================
[0m13:54:48.774834 [info ] [MainThread]: Running with dbt=1.10.11
[0m13:54:48.775610 [debug] [MainThread]: running dbt with arguments {'partial_parse': 'True', 'write_json': 'True', 'send_anonymous_usage_stats': 'True', 'warn_error': 'None', 'cache_selected_only': 'False', 'target_path': 'None', 'version_check': 'True', 'invocation_command': 'dbt deps', 'log_format': 'default', 'use_colors': 'True', 'introspect': 'True', 'debug': 'False', 'log_cache_events': 'False', 'fail_fast': 'False', 'no_print': 'None', 'empty': 'None', 'quiet': 'False', 'use_experimental_parser': 'False', 'printer_width': '80', 'indirect_selection': 'eager', 'log_path': 'logs', 'profiles_dir': 'C:\\Users\\ca20864\\.dbt', 'warn_error_options': 'WarnErrorOptionsV2(error=[], warn=[], silence=[])', 'static_parser': 'True'}
[0m13:54:48.776272 [error] [MainThread]: Encountered an error:
Runtime Error
  No dbt_project.yml found at expected path C:\Users\ca20864\OneDrive - TN Dept of Education\CA20864\Dev\VSCode\stadium_tennessee\dbt_project.yml
  Verify that each entry within packages.yml (and their transitive dependencies) contains a file named dbt_project.yml
  
[0m13:54:48.777122 [debug] [MainThread]: Command `dbt deps` failed at 13:54:48.777021 after 0.15 seconds
[0m13:54:48.777553 [debug] [MainThread]: Sending event: {'category': 'dbt', 'action': 'invocation', 'label': 'end', 'context': [<snowplow_tracker.self_describing_json.SelfDescribingJson object at 0x0000026A4A8082B0>, <snowplow_tracker.self_describing_json.SelfDescribingJson object at 0x0000026A4A677530>, <snowplow_tracker.self_describing_json.SelfDescribingJson object at 0x0000026A4A625480>]}
[0m13:54:48.777939 [debug] [MainThread]: Flushing usage events
[0m13:54:49.167087 [debug] [MainThread]: An error was encountered while trying to flush usage events
[0m13:54:51.215644 [debug] [MainThread]: Sending event: {'category': 'dbt', 'action': 'invocation', 'label': 'start', 'context': [<snowplow_tracker.self_describing_json.SelfDescribingJson object at 0x000002086E45C980>, <snowplow_tracker.self_describing_json.SelfDescribingJson object at 0x000002086F567D90>, <snowplow_tracker.self_describing_json.SelfDescribingJson object at 0x000002086F567890>]}


============================== 13:54:51.218852 | ec60130b-dda6-4529-9eff-1edd737260c8 ==============================
[0m13:54:51.218852 [info ] [MainThread]: Running with dbt=1.10.11
[0m13:54:51.219634 [debug] [MainThread]: running dbt with arguments {'partial_parse': 'True', 'warn_error_options': 'WarnErrorOptionsV2(error=[], warn=[], silence=[])', 'send_anonymous_usage_stats': 'True', 'version_check': 'True', 'cache_selected_only': 'False', 'target_path': 'None', 'warn_error': 'None', 'invocation_command': 'dbt seed --vars raw_db: teds_prod --target dev_latha_1293', 'log_format': 'default', 'use_colors': 'True', 'introspect': 'True', 'debug': 'False', 'log_cache_events': 'False', 'fail_fast': 'False', 'no_print': 'None', 'empty': 'None', 'use_experimental_parser': 'False', 'quiet': 'False', 'printer_width': '80', 'indirect_selection': 'eager', 'log_path': 'logs', 'profiles_dir': 'C:\\Users\\ca20864\\.dbt', 'static_parser': 'True', 'write_json': 'True'}
[0m13:54:51.219978 [error] [MainThread]: Encountered an error:
Runtime Error
  No dbt_project.yml found at expected path C:\Users\ca20864\OneDrive - TN Dept of Education\CA20864\Dev\VSCode\stadium_tennessee\dbt_project.yml
  Verify that each entry within packages.yml (and their transitive dependencies) contains a file named dbt_project.yml
  
[0m13:54:51.220529 [debug] [MainThread]: Command `dbt seed` failed at 13:54:51.220449 after 0.14 seconds
[0m13:54:51.220763 [debug] [MainThread]: Sending event: {'category': 'dbt', 'action': 'invocation', 'label': 'end', 'context': [<snowplow_tracker.self_describing_json.SelfDescribingJson object at 0x000002086F5D82B0>, <snowplow_tracker.self_describing_json.SelfDescribingJson object at 0x000002086F447530>, <snowplow_tracker.self_describing_json.SelfDescribingJson object at 0x000002086F3F5370>]}
[0m13:54:51.220999 [debug] [MainThread]: Flushing usage events
[0m13:54:51.576880 [debug] [MainThread]: An error was encountered while trying to flush usage events
[0m13:54:53.450687 [debug] [MainThread]: Sending event: {'category': 'dbt', 'action': 'invocation', 'label': 'start', 'context': [<snowplow_tracker.self_describing_json.SelfDescribingJson object at 0x000001A20311C980>, <snowplow_tracker.self_describing_json.SelfDescribingJson object at 0x000001A20421FD90>, <snowplow_tracker.self_describing_json.SelfDescribingJson object at 0x000001A20421F890>]}


============================== 13:54:53.454210 | d7a08079-37f9-4d3f-bcde-3683ef08677f ==============================
[0m13:54:53.454210 [info ] [MainThread]: Running with dbt=1.10.11
[0m13:54:53.454926 [debug] [MainThread]: running dbt with arguments {'partial_parse': 'True', 'warn_error_options': 'WarnErrorOptionsV2(error=[], warn=[], silence=[])', 'send_anonymous_usage_stats': 'True', 'version_check': 'True', 'cache_selected_only': 'False', 'target_path': 'None', 'use_colors': 'True', 'invocation_command': 'dbt run --vars raw_db: teds_prod --target dev_latha_1293', 'log_format': 'default', 'warn_error': 'None', 'introspect': 'True', 'debug': 'False', 'printer_width': '80', 'fail_fast': 'False', 'no_print': 'None', 'use_experimental_parser': 'False', 'empty': 'False', 'quiet': 'False', 'log_cache_events': 'False', 'indirect_selection': 'eager', 'log_path': 'logs', 'write_json': 'True', 'static_parser': 'True', 'profiles_dir': 'C:\\Users\\ca20864\\.dbt'}
[0m13:54:53.455450 [error] [MainThread]: Encountered an error:
Runtime Error
  No dbt_project.yml found at expected path C:\Users\ca20864\OneDrive - TN Dept of Education\CA20864\Dev\VSCode\stadium_tennessee\dbt_project.yml
  Verify that each entry within packages.yml (and their transitive dependencies) contains a file named dbt_project.yml
  
[0m13:54:53.456285 [debug] [MainThread]: Command `dbt run` failed at 13:54:53.456184 after 0.16 seconds
[0m13:54:53.456677 [debug] [MainThread]: Sending event: {'category': 'dbt', 'action': 'invocation', 'label': 'end', 'context': [<snowplow_tracker.self_describing_json.SelfDescribingJson object at 0x000001A2042982B0>, <snowplow_tracker.self_describing_json.SelfDescribingJson object at 0x000001A204107530>, <snowplow_tracker.self_describing_json.SelfDescribingJson object at 0x000001A2040B5370>]}
[0m13:54:53.457196 [debug] [MainThread]: Flushing usage events
[0m13:54:53.816610 [debug] [MainThread]: An error was encountered while trying to flush usage events
[0m15:10:02.497380 [debug] [MainThread]: Sending event: {'category': 'dbt', 'action': 'invocation', 'label': 'start', 'context': [<snowplow_tracker.self_describing_json.SelfDescribingJson object at 0x000001AC3B91C980>, <snowplow_tracker.self_describing_json.SelfDescribingJson object at 0x000001AC3CA1BD90>, <snowplow_tracker.self_describing_json.SelfDescribingJson object at 0x000001AC3CA1B890>]}


============================== 15:10:02.502263 | 9c92e6c4-73f8-45f0-96f3-b3f1487936b7 ==============================
[0m15:10:02.502263 [info ] [MainThread]: Running with dbt=1.10.11
[0m15:10:02.502963 [debug] [MainThread]: running dbt with arguments {'partial_parse': 'True', 'static_parser': 'True', 'send_anonymous_usage_stats': 'True', 'use_colors': 'True', 'cache_selected_only': 'False', 'target_path': 'None', 'version_check': 'True', 'invocation_command': 'dbt deps', 'log_format': 'default', 'warn_error': 'None', 'introspect': 'True', 'debug': 'False', 'log_cache_events': 'False', 'fail_fast': 'False', 'no_print': 'None', 'quiet': 'False', 'empty': 'None', 'printer_width': '80', 'use_experimental_parser': 'False', 'indirect_selection': 'eager', 'log_path': 'logs', 'profiles_dir': 'C:\\Users\\ca20864\\.dbt', 'warn_error_options': 'WarnErrorOptionsV2(error=[], warn=[], silence=[])', 'write_json': 'True'}
[0m15:10:02.503524 [error] [MainThread]: Encountered an error:
Runtime Error
  No dbt_project.yml found at expected path C:\Users\ca20864\OneDrive - TN Dept of Education\CA20864\Dev\VSCode\stadium_tennessee\dbt_project.yml
  Verify that each entry within packages.yml (and their transitive dependencies) contains a file named dbt_project.yml
  
[0m15:10:02.504270 [debug] [MainThread]: Command `dbt deps` failed at 15:10:02.504175 after 0.16 seconds
[0m15:10:02.504650 [debug] [MainThread]: Sending event: {'category': 'dbt', 'action': 'invocation', 'label': 'end', 'context': [<snowplow_tracker.self_describing_json.SelfDescribingJson object at 0x000001AC3CA982B0>, <snowplow_tracker.self_describing_json.SelfDescribingJson object at 0x000001AC3C907530>, <snowplow_tracker.self_describing_json.SelfDescribingJson object at 0x000001AC3C8B5480>]}
[0m15:10:02.505018 [debug] [MainThread]: Flushing usage events
[0m15:10:02.907964 [debug] [MainThread]: An error was encountered while trying to flush usage events
[0m15:10:04.927224 [debug] [MainThread]: Sending event: {'category': 'dbt', 'action': 'invocation', 'label': 'start', 'context': [<snowplow_tracker.self_describing_json.SelfDescribingJson object at 0x0000023EF68DC980>, <snowplow_tracker.self_describing_json.SelfDescribingJson object at 0x0000023EF79DFD90>, <snowplow_tracker.self_describing_json.SelfDescribingJson object at 0x0000023EF79DF890>]}


============================== 15:10:04.930468 | 2a04cc3a-0209-40bd-bf72-7f674c1da98e ==============================
[0m15:10:04.930468 [info ] [MainThread]: Running with dbt=1.10.11
[0m15:10:04.931894 [debug] [MainThread]: running dbt with arguments {'partial_parse': 'True', 'profiles_dir': 'C:\\Users\\ca20864\\.dbt', 'send_anonymous_usage_stats': 'True', 'use_colors': 'True', 'cache_selected_only': 'False', 'target_path': 'None', 'version_check': 'True', 'invocation_command': 'dbt seed --vars raw_db: teds_prod --target dev_latha_1249', 'log_format': 'default', 'warn_error': 'None', 'introspect': 'True', 'debug': 'False', 'printer_width': '80', 'fail_fast': 'False', 'no_print': 'None', 'quiet': 'False', 'empty': 'None', 'log_cache_events': 'False', 'use_experimental_parser': 'False', 'indirect_selection': 'eager', 'log_path': 'logs', 'write_json': 'True', 'static_parser': 'True', 'warn_error_options': 'WarnErrorOptionsV2(error=[], warn=[], silence=[])'}
[0m15:10:04.932343 [error] [MainThread]: Encountered an error:
Runtime Error
  No dbt_project.yml found at expected path C:\Users\ca20864\OneDrive - TN Dept of Education\CA20864\Dev\VSCode\stadium_tennessee\dbt_project.yml
  Verify that each entry within packages.yml (and their transitive dependencies) contains a file named dbt_project.yml
  
[0m15:10:04.933422 [debug] [MainThread]: Command `dbt seed` failed at 15:10:04.933328 after 0.28 seconds
[0m15:10:04.933672 [debug] [MainThread]: Sending event: {'category': 'dbt', 'action': 'invocation', 'label': 'end', 'context': [<snowplow_tracker.self_describing_json.SelfDescribingJson object at 0x0000023EF7A582B0>, <snowplow_tracker.self_describing_json.SelfDescribingJson object at 0x0000023EF78C7530>, <snowplow_tracker.self_describing_json.SelfDescribingJson object at 0x0000023EF7875370>]}
[0m15:10:04.933908 [debug] [MainThread]: Flushing usage events
[0m15:10:05.425354 [debug] [MainThread]: An error was encountered while trying to flush usage events
[0m15:10:07.368497 [debug] [MainThread]: Sending event: {'category': 'dbt', 'action': 'invocation', 'label': 'start', 'context': [<snowplow_tracker.self_describing_json.SelfDescribingJson object at 0x000001D070BEC980>, <snowplow_tracker.self_describing_json.SelfDescribingJson object at 0x000001D071CEFD90>, <snowplow_tracker.self_describing_json.SelfDescribingJson object at 0x000001D071CEF890>]}


============================== 15:10:07.371807 | 7d10942c-8afc-415c-bd82-375e6b782721 ==============================
[0m15:10:07.371807 [info ] [MainThread]: Running with dbt=1.10.11
[0m15:10:07.372410 [debug] [MainThread]: running dbt with arguments {'partial_parse': 'True', 'write_json': 'True', 'send_anonymous_usage_stats': 'True', 'version_check': 'True', 'cache_selected_only': 'False', 'target_path': 'None', 'warn_error': 'None', 'invocation_command': 'dbt run --vars raw_db: teds_prod --target dev_latha_1249', 'log_format': 'default', 'use_colors': 'True', 'introspect': 'True', 'debug': 'False', 'printer_width': '80', 'fail_fast': 'False', 'no_print': 'None', 'empty': 'False', 'use_experimental_parser': 'False', 'quiet': 'False', 'log_cache_events': 'False', 'indirect_selection': 'eager', 'log_path': 'logs', 'profiles_dir': 'C:\\Users\\ca20864\\.dbt', 'static_parser': 'True', 'warn_error_options': 'WarnErrorOptionsV2(error=[], warn=[], silence=[])'}
[0m15:10:07.372806 [error] [MainThread]: Encountered an error:
Runtime Error
  No dbt_project.yml found at expected path C:\Users\ca20864\OneDrive - TN Dept of Education\CA20864\Dev\VSCode\stadium_tennessee\dbt_project.yml
  Verify that each entry within packages.yml (and their transitive dependencies) contains a file named dbt_project.yml
  
[0m15:10:07.373484 [debug] [MainThread]: Command `dbt run` failed at 15:10:07.373380 after 0.16 seconds
[0m15:10:07.373756 [debug] [MainThread]: Sending event: {'category': 'dbt', 'action': 'invocation', 'label': 'end', 'context': [<snowplow_tracker.self_describing_json.SelfDescribingJson object at 0x000001D071D682B0>, <snowplow_tracker.self_describing_json.SelfDescribingJson object at 0x000001D071BD7530>, <snowplow_tracker.self_describing_json.SelfDescribingJson object at 0x000001D071B85370>]}
[0m15:10:07.374018 [debug] [MainThread]: Flushing usage events
[0m15:10:07.769256 [debug] [MainThread]: An error was encountered while trying to flush usage events
[0m22:10:44.225044 [debug] [MainThread]: Sending event: {'category': 'dbt', 'action': 'invocation', 'label': 'start', 'context': [<snowplow_tracker.self_describing_json.SelfDescribingJson object at 0x00000200DBD7C980>, <snowplow_tracker.self_describing_json.SelfDescribingJson object at 0x00000200DCE7BD90>, <snowplow_tracker.self_describing_json.SelfDescribingJson object at 0x00000200DCE7B890>]}


============================== 22:10:44.262159 | f97aa62c-1e7e-4a39-8c7a-93d18b3d7ce9 ==============================
[0m22:10:44.262159 [info ] [MainThread]: Running with dbt=1.10.11
[0m22:10:44.264822 [debug] [MainThread]: running dbt with arguments {'partial_parse': 'True', 'write_json': 'True', 'send_anonymous_usage_stats': 'True', 'warn_error': 'None', 'cache_selected_only': 'False', 'target_path': 'None', 'use_colors': 'True', 'invocation_command': 'dbt deps', 'log_format': 'default', 'version_check': 'True', 'introspect': 'True', 'debug': 'False', 'log_cache_events': 'False', 'fail_fast': 'False', 'no_print': 'None', 'quiet': 'False', 'empty': 'None', 'use_experimental_parser': 'False', 'printer_width': '80', 'log_path': 'logs', 'indirect_selection': 'eager', 'profiles_dir': 'C:\\Users\\ca20864\\.dbt', 'warn_error_options': 'WarnErrorOptionsV2(error=[], warn=[], silence=[])', 'static_parser': 'True'}
[0m22:10:44.267195 [error] [MainThread]: Encountered an error:
Runtime Error
  No dbt_project.yml found at expected path C:\Users\ca20864\OneDrive - TN Dept of Education\CA20864\Dev\VSCode\stadium_tennessee\dbt_project.yml
  Verify that each entry within packages.yml (and their transitive dependencies) contains a file named dbt_project.yml
  
[0m22:10:44.268902 [debug] [MainThread]: Command `dbt deps` failed at 22:10:44.268654 after 0.39 seconds
[0m22:10:44.269775 [debug] [MainThread]: Sending event: {'category': 'dbt', 'action': 'invocation', 'label': 'end', 'context': [<snowplow_tracker.self_describing_json.SelfDescribingJson object at 0x00000200DCEF82B0>, <snowplow_tracker.self_describing_json.SelfDescribingJson object at 0x00000200DCD67530>, <snowplow_tracker.self_describing_json.SelfDescribingJson object at 0x00000200DCD15480>]}
[0m22:10:44.270500 [debug] [MainThread]: Flushing usage events
[0m22:10:45.356494 [debug] [MainThread]: An error was encountered while trying to flush usage events
[0m22:10:48.962333 [debug] [MainThread]: Sending event: {'category': 'dbt', 'action': 'invocation', 'label': 'start', 'context': [<snowplow_tracker.self_describing_json.SelfDescribingJson object at 0x000002035CC4C980>, <snowplow_tracker.self_describing_json.SelfDescribingJson object at 0x000002035DD4FD90>, <snowplow_tracker.self_describing_json.SelfDescribingJson object at 0x000002035DD4F890>]}


============================== 22:10:48.966953 | a23e5586-f10a-441c-87ce-41d7afa4f945 ==============================
[0m22:10:48.966953 [info ] [MainThread]: Running with dbt=1.10.11
[0m22:10:48.967689 [debug] [MainThread]: running dbt with arguments {'partial_parse': 'True', 'write_json': 'True', 'send_anonymous_usage_stats': 'True', 'warn_error': 'None', 'cache_selected_only': 'False', 'target_path': 'None', 'use_colors': 'True', 'invocation_command': 'dbt seed --vars raw_db: teds_prod', 'log_format': 'default', 'version_check': 'True', 'introspect': 'True', 'debug': 'False', 'log_cache_events': 'False', 'fail_fast': 'False', 'no_print': 'None', 'use_experimental_parser': 'False', 'quiet': 'False', 'printer_width': '80', 'empty': 'None', 'indirect_selection': 'eager', 'log_path': 'logs', 'profiles_dir': 'C:\\Users\\ca20864\\.dbt', 'static_parser': 'True', 'warn_error_options': 'WarnErrorOptionsV2(error=[], warn=[], silence=[])'}
[0m22:10:48.968155 [error] [MainThread]: Encountered an error:
Runtime Error
  No dbt_project.yml found at expected path C:\Users\ca20864\OneDrive - TN Dept of Education\CA20864\Dev\VSCode\stadium_tennessee\dbt_project.yml
  Verify that each entry within packages.yml (and their transitive dependencies) contains a file named dbt_project.yml
  
[0m22:10:48.968997 [debug] [MainThread]: Command `dbt seed` failed at 22:10:48.968871 after 0.25 seconds
[0m22:10:48.969381 [debug] [MainThread]: Sending event: {'category': 'dbt', 'action': 'invocation', 'label': 'end', 'context': [<snowplow_tracker.self_describing_json.SelfDescribingJson object at 0x000002035DDC82B0>, <snowplow_tracker.self_describing_json.SelfDescribingJson object at 0x000002035DC37530>, <snowplow_tracker.self_describing_json.SelfDescribingJson object at 0x000002035DBE5370>]}
[0m22:10:48.969749 [debug] [MainThread]: Flushing usage events
[0m22:10:49.887809 [debug] [MainThread]: An error was encountered while trying to flush usage events
